{"level":"info","message":"HTTP Access Log","method":"GET","responseTime":5.697,"status":304,"timestamp":"12/25/2021, 11:35:51 PM","url":"/"}
{"level":"info","message":"HTTP Access Log","method":"GET","responseTime":2.98,"status":404,"timestamp":"12/25/2021, 11:35:52 PM","url":"/favicon.ico"}
{"level":"info","message":"HTTP Access Log","method":"GET","responseTime":1.224,"status":304,"timestamp":"12/25/2021, 11:37:12 PM","url":"/"}
{"level":"info","message":"HTTP Access Log","method":"GET","responseTime":0.68,"status":304,"timestamp":"12/25/2021, 11:38:37 PM","url":"/"}
{"level":"info","message":"HTTP Access Log","method":"GET","responseTime":17.707,"status":200,"timestamp":"12/25/2021, 11:39:22 PM","url":"/"}
{"level":"info","message":"HTTP Access Log","method":"GET","responseTime":4.81,"status":404,"timestamp":"12/25/2021, 11:39:22 PM","url":"/css/bootstrap.css"}
{"level":"info","message":"HTTP Access Log","method":"GET","responseTime":0.369,"status":404,"timestamp":"12/25/2021, 11:39:22 PM","url":"/css/fontawesome-all.css"}
{"level":"info","message":"HTTP Access Log","method":"GET","responseTime":1.677,"status":404,"timestamp":"12/25/2021, 11:39:22 PM","url":"/css/swiper.css"}
{"level":"info","message":"HTTP Access Log","method":"GET","responseTime":3.005,"status":404,"timestamp":"12/25/2021, 11:39:22 PM","url":"/css/magnific-popup.css"}
{"level":"info","message":"HTTP Access Log","method":"GET","responseTime":4.223,"status":404,"timestamp":"12/25/2021, 11:39:22 PM","url":"/css/styles.css"}
{"level":"info","message":"HTTP Access Log","method":"GET","responseTime":0.445,"status":404,"timestamp":"12/25/2021, 11:39:23 PM","url":"/js/jquery.min.js"}
{"level":"info","message":"HTTP Access Log","method":"GET","responseTime":1.928,"status":404,"timestamp":"12/25/2021, 11:39:23 PM","url":"/js/popper.min.js"}
{"level":"info","message":"HTTP Access Log","method":"GET","responseTime":2.18,"status":404,"timestamp":"12/25/2021, 11:39:23 PM","url":"/js/bootstrap.min.js"}
{"level":"info","message":"HTTP Access Log","method":"GET","responseTime":2.889,"status":404,"timestamp":"12/25/2021, 11:39:23 PM","url":"/js/jquery.easing.min.js"}
{"level":"info","message":"HTTP Access Log","method":"GET","responseTime":3.789,"status":404,"timestamp":"12/25/2021, 11:39:23 PM","url":"/js/swiper.min.js"}
{"level":"info","message":"HTTP Access Log","method":"GET","responseTime":0.477,"status":404,"timestamp":"12/25/2021, 11:39:23 PM","url":"/js/jquery.magnific-popup.js"}
{"level":"info","message":"HTTP Access Log","method":"GET","responseTime":0.786,"status":404,"timestamp":"12/25/2021, 11:39:23 PM","url":"/js/validator.min.js"}
{"level":"info","message":"HTTP Access Log","method":"GET","responseTime":0.722,"status":404,"timestamp":"12/25/2021, 11:39:23 PM","url":"/js/scripts.js"}
{"level":"info","message":"HTTP Access Log","method":"GET","responseTime":1.061,"status":404,"timestamp":"12/25/2021, 11:39:23 PM","url":"/images/logo.svg"}
{"level":"info","message":"HTTP Access Log","method":"GET","responseTime":2.002,"status":404,"timestamp":"12/25/2021, 11:39:23 PM","url":"/images/header-iphone.png"}
{"level":"info","message":"HTTP Access Log","method":"GET","responseTime":1.303,"status":404,"timestamp":"12/25/2021, 11:39:23 PM","url":"/images/decorative-white-circle.svg"}
{"level":"info","message":"HTTP Access Log","method":"GET","responseTime":1.909,"status":404,"timestamp":"12/25/2021, 11:39:23 PM","url":"/images/decorative-blue-circle.svg"}
{"level":"info","message":"HTTP Access Log","method":"GET","responseTime":2.642,"status":404,"timestamp":"12/25/2021, 11:39:23 PM","url":"/images/decorative-yellow-circle.svg"}
{"level":"info","message":"HTTP Access Log","method":"GET","responseTime":0.427,"status":404,"timestamp":"12/25/2021, 11:39:23 PM","url":"/images/decorative-green-diamond.svg"}
{"level":"info","message":"HTTP Access Log","method":"GET","responseTime":0.509,"status":404,"timestamp":"12/25/2021, 11:39:23 PM","url":"/images/description-1-app.png"}
{"level":"info","message":"HTTP Access Log","method":"GET","responseTime":0.494,"status":404,"timestamp":"12/25/2021, 11:39:23 PM","url":"/images/description-1-details-lightbox.jpg"}
{"level":"info","message":"HTTP Access Log","method":"GET","responseTime":0.66,"status":404,"timestamp":"12/25/2021, 11:39:23 PM","url":"/images/description-2-app.png"}
{"level":"info","message":"HTTP Access Log","method":"GET","responseTime":1.53,"status":404,"timestamp":"12/25/2021, 11:39:23 PM","url":"/images/features-app.jpg"}
{"level":"info","message":"HTTP Access Log","method":"GET","responseTime":2.775,"status":404,"timestamp":"12/25/2021, 11:39:23 PM","url":"/images/screenshot-1.jpg"}
{"level":"info","message":"HTTP Access Log","method":"GET","responseTime":0.437,"status":404,"timestamp":"12/25/2021, 11:39:23 PM","url":"/images/screenshot-2.jpg"}
{"level":"info","message":"HTTP Access Log","method":"GET","responseTime":0.55,"status":404,"timestamp":"12/25/2021, 11:39:23 PM","url":"/images/screenshot-3.jpg"}
{"level":"info","message":"HTTP Access Log","method":"GET","responseTime":0.67,"status":404,"timestamp":"12/25/2021, 11:39:23 PM","url":"/images/screenshot-4.jpg"}
{"level":"info","message":"HTTP Access Log","method":"GET","responseTime":0.812,"status":404,"timestamp":"12/25/2021, 11:39:23 PM","url":"/images/screenshot-5.jpg"}
{"level":"info","message":"HTTP Access Log","method":"GET","responseTime":1.919,"status":404,"timestamp":"12/25/2021, 11:39:23 PM","url":"/images/screenshot-6.jpg"}
{"level":"info","message":"HTTP Access Log","method":"GET","responseTime":0.469,"status":404,"timestamp":"12/25/2021, 11:39:23 PM","url":"/images/screenshot-7.jpg"}
{"level":"info","message":"HTTP Access Log","method":"GET","responseTime":0.447,"status":404,"timestamp":"12/25/2021, 11:39:23 PM","url":"/images/screenshot-8.jpg"}
{"level":"info","message":"HTTP Access Log","method":"GET","responseTime":0.463,"status":404,"timestamp":"12/25/2021, 11:39:23 PM","url":"/images/screenshot-9.jpg"}
{"level":"info","message":"HTTP Access Log","method":"GET","responseTime":0.961,"status":404,"timestamp":"12/25/2021, 11:39:23 PM","url":"/images/screenshot-10.jpg"}
{"level":"info","message":"HTTP Access Log","method":"GET","responseTime":0.503,"status":404,"timestamp":"12/25/2021, 11:39:23 PM","url":"/images/customer-logo-1.png"}
{"level":"info","message":"HTTP Access Log","method":"GET","responseTime":2.826,"status":404,"timestamp":"12/25/2021, 11:39:23 PM","url":"/images/customer-logo-2.png"}
{"level":"info","message":"HTTP Access Log","method":"GET","responseTime":8.252,"status":404,"timestamp":"12/25/2021, 11:39:23 PM","url":"/images/customer-logo-3.png"}
{"level":"info","message":"HTTP Access Log","method":"GET","responseTime":0.446,"status":404,"timestamp":"12/25/2021, 11:39:23 PM","url":"/images/customer-logo-4.png"}
{"level":"info","message":"HTTP Access Log","method":"GET","responseTime":0.881,"status":404,"timestamp":"12/25/2021, 11:39:23 PM","url":"/images/customer-logo-5.png"}
{"level":"info","message":"HTTP Access Log","method":"GET","responseTime":0.408,"status":404,"timestamp":"12/25/2021, 11:39:23 PM","url":"/images/download-iphone.png"}
{"level":"info","message":"HTTP Access Log","method":"GET","responseTime":0.613,"status":404,"timestamp":"12/25/2021, 11:39:23 PM","url":"/js/popper.min.js"}
{"level":"info","message":"HTTP Access Log","method":"GET","responseTime":0.54,"status":404,"timestamp":"12/25/2021, 11:39:23 PM","url":"/js/bootstrap.min.js"}
{"level":"info","message":"HTTP Access Log","method":"GET","responseTime":0.446,"status":404,"timestamp":"12/25/2021, 11:39:23 PM","url":"/js/jquery.easing.min.js"}
{"level":"info","message":"HTTP Access Log","method":"GET","responseTime":0.352,"status":404,"timestamp":"12/25/2021, 11:39:23 PM","url":"/js/swiper.min.js"}
{"level":"info","message":"HTTP Access Log","method":"GET","responseTime":0.494,"status":404,"timestamp":"12/25/2021, 11:39:23 PM","url":"/js/jquery.magnific-popup.js"}
{"level":"info","message":"HTTP Access Log","method":"GET","responseTime":0.485,"status":404,"timestamp":"12/25/2021, 11:39:23 PM","url":"/js/validator.min.js"}
{"level":"info","message":"HTTP Access Log","method":"GET","responseTime":0.493,"status":404,"timestamp":"12/25/2021, 11:39:23 PM","url":"/js/scripts.js"}
{"level":"info","message":"HTTP Access Log","method":"GET","responseTime":0.61,"status":404,"timestamp":"12/25/2021, 11:39:23 PM","url":"/images/favicon.png"}
{"level":"info","message":"HTTP Access Log","method":"GET","responseTime":0.995,"status":304,"timestamp":"12/25/2021, 11:39:34 PM","url":"/"}
{"level":"info","message":"HTTP Access Log","method":"GET","responseTime":0.424,"status":404,"timestamp":"12/25/2021, 11:39:34 PM","url":"/css/bootstrap.css"}
{"level":"info","message":"HTTP Access Log","method":"GET","responseTime":0.925,"status":404,"timestamp":"12/25/2021, 11:39:34 PM","url":"/css/fontawesome-all.css"}
{"level":"info","message":"HTTP Access Log","method":"GET","responseTime":0.899,"status":404,"timestamp":"12/25/2021, 11:39:34 PM","url":"/css/swiper.css"}
{"level":"info","message":"HTTP Access Log","method":"GET","responseTime":1.572,"status":404,"timestamp":"12/25/2021, 11:39:34 PM","url":"/css/magnific-popup.css"}
{"level":"info","message":"HTTP Access Log","method":"GET","responseTime":2.517,"status":404,"timestamp":"12/25/2021, 11:39:34 PM","url":"/css/styles.css"}
{"level":"info","message":"HTTP Access Log","method":"GET","responseTime":0.334,"status":404,"timestamp":"12/25/2021, 11:39:34 PM","url":"/js/jquery.min.js"}
{"level":"info","message":"HTTP Access Log","method":"GET","responseTime":0.994,"status":404,"timestamp":"12/25/2021, 11:39:34 PM","url":"/js/popper.min.js"}
{"level":"info","message":"HTTP Access Log","method":"GET","responseTime":1.728,"status":404,"timestamp":"12/25/2021, 11:39:34 PM","url":"/js/bootstrap.min.js"}
{"level":"info","message":"HTTP Access Log","method":"GET","responseTime":2.572,"status":404,"timestamp":"12/25/2021, 11:39:34 PM","url":"/js/jquery.easing.min.js"}
{"level":"info","message":"HTTP Access Log","method":"GET","responseTime":0.316,"status":404,"timestamp":"12/25/2021, 11:39:34 PM","url":"/js/swiper.min.js"}
{"level":"info","message":"HTTP Access Log","method":"GET","responseTime":0.347,"status":404,"timestamp":"12/25/2021, 11:39:34 PM","url":"/js/jquery.magnific-popup.js"}
{"level":"info","message":"HTTP Access Log","method":"GET","responseTime":0.365,"status":404,"timestamp":"12/25/2021, 11:39:34 PM","url":"/js/validator.min.js"}
{"level":"info","message":"HTTP Access Log","method":"GET","responseTime":0.685,"status":404,"timestamp":"12/25/2021, 11:39:34 PM","url":"/js/scripts.js"}
{"level":"info","message":"HTTP Access Log","method":"GET","responseTime":1.812,"status":404,"timestamp":"12/25/2021, 11:39:34 PM","url":"/images/logo.svg"}
{"level":"info","message":"HTTP Access Log","method":"GET","responseTime":0.997,"status":404,"timestamp":"12/25/2021, 11:39:34 PM","url":"/images/header-iphone.png"}
{"level":"info","message":"HTTP Access Log","method":"GET","responseTime":0.691,"status":404,"timestamp":"12/25/2021, 11:39:34 PM","url":"/images/decorative-white-circle.svg"}
{"level":"info","message":"HTTP Access Log","method":"GET","responseTime":1.351,"status":404,"timestamp":"12/25/2021, 11:39:34 PM","url":"/images/decorative-blue-circle.svg"}
{"level":"info","message":"HTTP Access Log","method":"GET","responseTime":0.483,"status":404,"timestamp":"12/25/2021, 11:39:34 PM","url":"/images/decorative-yellow-circle.svg"}
{"level":"info","message":"HTTP Access Log","method":"GET","responseTime":0.414,"status":404,"timestamp":"12/25/2021, 11:39:34 PM","url":"/images/decorative-green-diamond.svg"}
{"level":"info","message":"HTTP Access Log","method":"GET","responseTime":0.83,"status":404,"timestamp":"12/25/2021, 11:39:34 PM","url":"/images/description-1-app.png"}
{"level":"info","message":"HTTP Access Log","method":"GET","responseTime":1.409,"status":404,"timestamp":"12/25/2021, 11:39:34 PM","url":"/images/description-1-details-lightbox.jpg"}
{"level":"info","message":"HTTP Access Log","method":"GET","responseTime":0.644,"status":404,"timestamp":"12/25/2021, 11:39:34 PM","url":"/images/description-2-app.png"}
{"level":"info","message":"HTTP Access Log","method":"GET","responseTime":0.983,"status":404,"timestamp":"12/25/2021, 11:39:34 PM","url":"/images/features-app.jpg"}
{"level":"info","message":"HTTP Access Log","method":"GET","responseTime":4.072,"status":404,"timestamp":"12/25/2021, 11:39:34 PM","url":"/images/screenshot-1.jpg"}
{"level":"info","message":"HTTP Access Log","method":"GET","responseTime":0.431,"status":404,"timestamp":"12/25/2021, 11:39:34 PM","url":"/images/screenshot-2.jpg"}
{"level":"info","message":"HTTP Access Log","method":"GET","responseTime":0.5,"status":404,"timestamp":"12/25/2021, 11:39:34 PM","url":"/images/screenshot-3.jpg"}
{"level":"info","message":"HTTP Access Log","method":"GET","responseTime":1.222,"status":404,"timestamp":"12/25/2021, 11:39:34 PM","url":"/images/screenshot-4.jpg"}
{"level":"info","message":"HTTP Access Log","method":"GET","responseTime":0.495,"status":404,"timestamp":"12/25/2021, 11:39:34 PM","url":"/images/screenshot-5.jpg"}
{"level":"info","message":"HTTP Access Log","method":"GET","responseTime":0.465,"status":404,"timestamp":"12/25/2021, 11:39:34 PM","url":"/images/screenshot-6.jpg"}
{"level":"info","message":"HTTP Access Log","method":"GET","responseTime":1.072,"status":404,"timestamp":"12/25/2021, 11:39:34 PM","url":"/images/screenshot-7.jpg"}
{"level":"info","message":"HTTP Access Log","method":"GET","responseTime":1.795,"status":404,"timestamp":"12/25/2021, 11:39:34 PM","url":"/images/screenshot-8.jpg"}
{"level":"info","message":"HTTP Access Log","method":"GET","responseTime":0.529,"status":404,"timestamp":"12/25/2021, 11:39:34 PM","url":"/images/screenshot-9.jpg"}
{"level":"info","message":"HTTP Access Log","method":"GET","responseTime":0.983,"status":404,"timestamp":"12/25/2021, 11:39:34 PM","url":"/images/screenshot-10.jpg"}
{"level":"info","message":"HTTP Access Log","method":"GET","responseTime":0.403,"status":404,"timestamp":"12/25/2021, 11:39:34 PM","url":"/images/download-iphone.png"}
{"level":"info","message":"HTTP Access Log","method":"GET","responseTime":0.542,"status":404,"timestamp":"12/25/2021, 11:39:34 PM","url":"/images/customer-logo-1.png"}
{"level":"info","message":"HTTP Access Log","method":"GET","responseTime":2.449,"status":404,"timestamp":"12/25/2021, 11:39:34 PM","url":"/images/customer-logo-2.png"}
{"level":"info","message":"HTTP Access Log","method":"GET","responseTime":3.113,"status":404,"timestamp":"12/25/2021, 11:39:34 PM","url":"/images/customer-logo-3.png"}
{"level":"info","message":"HTTP Access Log","method":"GET","responseTime":3.607,"status":404,"timestamp":"12/25/2021, 11:39:34 PM","url":"/images/customer-logo-4.png"}
{"level":"info","message":"HTTP Access Log","method":"GET","responseTime":0.472,"status":404,"timestamp":"12/25/2021, 11:39:34 PM","url":"/js/jquery.magnific-popup.js"}
{"level":"info","message":"HTTP Access Log","method":"GET","responseTime":0.463,"status":404,"timestamp":"12/25/2021, 11:39:34 PM","url":"/images/customer-logo-5.png"}
{"level":"info","message":"HTTP Access Log","method":"GET","responseTime":0.283,"status":404,"timestamp":"12/25/2021, 11:39:34 PM","url":"/js/validator.min.js"}
{"level":"info","message":"HTTP Access Log","method":"GET","responseTime":0.43,"status":404,"timestamp":"12/25/2021, 11:39:34 PM","url":"/js/scripts.js"}
{"level":"info","message":"HTTP Access Log","method":"GET","responseTime":5.026,"status":200,"timestamp":"12/25/2021, 11:40:09 PM","url":"/"}
{"level":"info","message":"HTTP Access Log","method":"GET","responseTime":3.031,"status":404,"timestamp":"12/25/2021, 11:40:09 PM","url":"/css/bootstrap.css"}
{"level":"info","message":"HTTP Access Log","method":"GET","responseTime":1.333,"status":404,"timestamp":"12/25/2021, 11:40:09 PM","url":"/css/fontawesome-all.css"}
{"level":"info","message":"HTTP Access Log","method":"GET","responseTime":1.72,"status":404,"timestamp":"12/25/2021, 11:40:09 PM","url":"/css/swiper.css"}
{"level":"info","message":"HTTP Access Log","method":"GET","responseTime":2.899,"status":404,"timestamp":"12/25/2021, 11:40:09 PM","url":"/css/magnific-popup.css"}
{"level":"info","message":"HTTP Access Log","method":"GET","responseTime":3.942,"status":404,"timestamp":"12/25/2021, 11:40:09 PM","url":"/css/styles.css"}
{"level":"info","message":"HTTP Access Log","method":"GET","responseTime":0.558,"status":404,"timestamp":"12/25/2021, 11:40:09 PM","url":"/js/jquery.min.js"}
{"level":"info","message":"HTTP Access Log","method":"GET","responseTime":0.981,"status":404,"timestamp":"12/25/2021, 11:40:09 PM","url":"/js/popper.min.js"}
{"level":"info","message":"HTTP Access Log","method":"GET","responseTime":1.457,"status":404,"timestamp":"12/25/2021, 11:40:09 PM","url":"/js/bootstrap.min.js"}
{"level":"info","message":"HTTP Access Log","method":"GET","responseTime":0.929,"status":404,"timestamp":"12/25/2021, 11:40:09 PM","url":"/js/jquery.easing.min.js"}
{"level":"info","message":"HTTP Access Log","method":"GET","responseTime":1.919,"status":404,"timestamp":"12/25/2021, 11:40:09 PM","url":"/js/swiper.min.js"}
{"level":"info","message":"HTTP Access Log","method":"GET","responseTime":2.748,"status":404,"timestamp":"12/25/2021, 11:40:09 PM","url":"/js/jquery.magnific-popup.js"}
{"level":"info","message":"HTTP Access Log","method":"GET","responseTime":3.604,"status":404,"timestamp":"12/25/2021, 11:40:09 PM","url":"/js/validator.min.js"}
{"level":"info","message":"HTTP Access Log","method":"GET","responseTime":1.171,"status":404,"timestamp":"12/25/2021, 11:40:09 PM","url":"/js/scripts.js"}
{"level":"info","message":"HTTP Access Log","method":"GET","responseTime":1.74,"status":404,"timestamp":"12/25/2021, 11:40:09 PM","url":"/images/logo.svg"}
{"level":"info","message":"HTTP Access Log","method":"GET","responseTime":0.744,"status":404,"timestamp":"12/25/2021, 11:40:09 PM","url":"/images/header-iphone.png"}
{"level":"info","message":"HTTP Access Log","method":"GET","responseTime":0.486,"status":404,"timestamp":"12/25/2021, 11:40:09 PM","url":"/images/decorative-white-circle.svg"}
{"level":"info","message":"HTTP Access Log","method":"GET","responseTime":0.679,"status":404,"timestamp":"12/25/2021, 11:40:09 PM","url":"/images/decorative-blue-circle.svg"}
{"level":"info","message":"HTTP Access Log","method":"GET","responseTime":0.506,"status":404,"timestamp":"12/25/2021, 11:40:09 PM","url":"/images/decorative-yellow-circle.svg"}
{"level":"info","message":"HTTP Access Log","method":"GET","responseTime":0.519,"status":404,"timestamp":"12/25/2021, 11:40:09 PM","url":"/images/decorative-green-diamond.svg"}
{"level":"info","message":"HTTP Access Log","method":"GET","responseTime":0.609,"status":404,"timestamp":"12/25/2021, 11:40:09 PM","url":"/images/description-1-app.png"}
{"level":"info","message":"HTTP Access Log","method":"GET","responseTime":1.037,"status":404,"timestamp":"12/25/2021, 11:40:09 PM","url":"/images/description-1-details-lightbox.jpg"}
{"level":"info","message":"HTTP Access Log","method":"GET","responseTime":0.545,"status":404,"timestamp":"12/25/2021, 11:40:09 PM","url":"/images/description-2-app.png"}
{"level":"info","message":"HTTP Access Log","method":"GET","responseTime":1.086,"status":404,"timestamp":"12/25/2021, 11:40:09 PM","url":"/images/features-app.jpg"}
{"level":"info","message":"HTTP Access Log","method":"GET","responseTime":1.208,"status":404,"timestamp":"12/25/2021, 11:40:09 PM","url":"/images/screenshot-1.jpg"}
{"level":"info","message":"HTTP Access Log","method":"GET","responseTime":0.588,"status":404,"timestamp":"12/25/2021, 11:40:09 PM","url":"/images/screenshot-2.jpg"}
{"level":"info","message":"HTTP Access Log","method":"GET","responseTime":0.683,"status":404,"timestamp":"12/25/2021, 11:40:09 PM","url":"/images/screenshot-3.jpg"}
{"level":"info","message":"HTTP Access Log","method":"GET","responseTime":0.447,"status":404,"timestamp":"12/25/2021, 11:40:09 PM","url":"/images/screenshot-4.jpg"}
{"level":"info","message":"HTTP Access Log","method":"GET","responseTime":0.851,"status":404,"timestamp":"12/25/2021, 11:40:09 PM","url":"/images/screenshot-5.jpg"}
{"level":"info","message":"HTTP Access Log","method":"GET","responseTime":1.601,"status":404,"timestamp":"12/25/2021, 11:40:09 PM","url":"/images/screenshot-6.jpg"}
{"level":"info","message":"HTTP Access Log","method":"GET","responseTime":1.953,"status":404,"timestamp":"12/25/2021, 11:40:09 PM","url":"/images/screenshot-7.jpg"}
{"level":"info","message":"HTTP Access Log","method":"GET","responseTime":2.396,"status":404,"timestamp":"12/25/2021, 11:40:09 PM","url":"/images/download-iphone.png"}
{"level":"info","message":"HTTP Access Log","method":"GET","responseTime":0.496,"status":404,"timestamp":"12/25/2021, 11:40:09 PM","url":"/js/bootstrap.min.js"}
{"level":"info","message":"HTTP Access Log","method":"GET","responseTime":0.508,"status":404,"timestamp":"12/25/2021, 11:40:09 PM","url":"/images/screenshot-8.jpg"}
{"level":"info","message":"HTTP Access Log","method":"GET","responseTime":0.507,"status":404,"timestamp":"12/25/2021, 11:40:09 PM","url":"/images/screenshot-9.jpg"}
{"level":"info","message":"HTTP Access Log","method":"GET","responseTime":0.495,"status":404,"timestamp":"12/25/2021, 11:40:09 PM","url":"/images/screenshot-10.jpg"}
{"level":"info","message":"HTTP Access Log","method":"GET","responseTime":0.48,"status":404,"timestamp":"12/25/2021, 11:40:09 PM","url":"/images/customer-logo-1.png"}
{"level":"info","message":"HTTP Access Log","method":"GET","responseTime":0.52,"status":404,"timestamp":"12/25/2021, 11:40:09 PM","url":"/images/customer-logo-2.png"}
{"level":"info","message":"HTTP Access Log","method":"GET","responseTime":0.501,"status":404,"timestamp":"12/25/2021, 11:40:09 PM","url":"/images/customer-logo-3.png"}
{"level":"info","message":"HTTP Access Log","method":"GET","responseTime":0.855,"status":404,"timestamp":"12/25/2021, 11:40:09 PM","url":"/images/customer-logo-4.png"}
{"level":"info","message":"HTTP Access Log","method":"GET","responseTime":1.444,"status":404,"timestamp":"12/25/2021, 11:40:09 PM","url":"/images/customer-logo-5.png"}
{"level":"info","message":"HTTP Access Log","method":"GET","responseTime":0.501,"status":404,"timestamp":"12/25/2021, 11:40:09 PM","url":"/js/jquery.easing.min.js"}
{"level":"info","message":"HTTP Access Log","method":"GET","responseTime":0.37,"status":404,"timestamp":"12/25/2021, 11:40:09 PM","url":"/js/swiper.min.js"}
{"level":"info","message":"HTTP Access Log","method":"GET","responseTime":0.38,"status":404,"timestamp":"12/25/2021, 11:40:09 PM","url":"/js/jquery.magnific-popup.js"}
{"level":"info","message":"HTTP Access Log","method":"GET","responseTime":0.529,"status":404,"timestamp":"12/25/2021, 11:40:09 PM","url":"/js/validator.min.js"}
{"level":"info","message":"HTTP Access Log","method":"GET","responseTime":0.347,"status":404,"timestamp":"12/25/2021, 11:40:09 PM","url":"/js/scripts.js"}
{"level":"info","message":"HTTP Access Log","method":"GET","responseTime":0.902,"status":304,"timestamp":"12/25/2021, 11:40:12 PM","url":"/"}
{"level":"info","message":"HTTP Access Log","method":"GET","responseTime":0.364,"status":404,"timestamp":"12/25/2021, 11:40:12 PM","url":"/css/bootstrap.css"}
{"level":"info","message":"HTTP Access Log","method":"GET","responseTime":1.402,"status":404,"timestamp":"12/25/2021, 11:40:12 PM","url":"/css/fontawesome-all.css"}
{"level":"info","message":"HTTP Access Log","method":"GET","responseTime":1.894,"status":404,"timestamp":"12/25/2021, 11:40:12 PM","url":"/css/swiper.css"}
{"level":"info","message":"HTTP Access Log","method":"GET","responseTime":2.582,"status":404,"timestamp":"12/25/2021, 11:40:12 PM","url":"/css/magnific-popup.css"}
{"level":"info","message":"HTTP Access Log","method":"GET","responseTime":3.685,"status":404,"timestamp":"12/25/2021, 11:40:12 PM","url":"/css/styles.css"}
{"level":"info","message":"HTTP Access Log","method":"GET","responseTime":0.398,"status":404,"timestamp":"12/25/2021, 11:40:12 PM","url":"/js/jquery.min.js"}
{"level":"info","message":"HTTP Access Log","method":"GET","responseTime":1.313,"status":404,"timestamp":"12/25/2021, 11:40:12 PM","url":"/js/popper.min.js"}
{"level":"info","message":"HTTP Access Log","method":"GET","responseTime":1.935,"status":404,"timestamp":"12/25/2021, 11:40:12 PM","url":"/js/bootstrap.min.js"}
{"level":"info","message":"HTTP Access Log","method":"GET","responseTime":2.611,"status":404,"timestamp":"12/25/2021, 11:40:12 PM","url":"/js/jquery.easing.min.js"}
{"level":"info","message":"HTTP Access Log","method":"GET","responseTime":3.374,"status":404,"timestamp":"12/25/2021, 11:40:12 PM","url":"/js/swiper.min.js"}
{"level":"info","message":"HTTP Access Log","method":"GET","responseTime":3.846,"status":404,"timestamp":"12/25/2021, 11:40:12 PM","url":"/js/jquery.magnific-popup.js"}
{"level":"info","message":"HTTP Access Log","method":"GET","responseTime":0.286,"status":404,"timestamp":"12/25/2021, 11:40:12 PM","url":"/js/validator.min.js"}
{"level":"info","message":"HTTP Access Log","method":"GET","responseTime":0.311,"status":404,"timestamp":"12/25/2021, 11:40:12 PM","url":"/js/scripts.js"}
{"level":"info","message":"HTTP Access Log","method":"GET","responseTime":0.391,"status":404,"timestamp":"12/25/2021, 11:40:12 PM","url":"/images/logo.svg"}
{"level":"info","message":"HTTP Access Log","method":"GET","responseTime":0.512,"status":404,"timestamp":"12/25/2021, 11:40:12 PM","url":"/images/header-iphone.png"}
{"level":"info","message":"HTTP Access Log","method":"GET","responseTime":0.473,"status":404,"timestamp":"12/25/2021, 11:40:12 PM","url":"/images/decorative-white-circle.svg"}
{"level":"info","message":"HTTP Access Log","method":"GET","responseTime":0.405,"status":404,"timestamp":"12/25/2021, 11:40:12 PM","url":"/images/decorative-blue-circle.svg"}
{"level":"info","message":"HTTP Access Log","method":"GET","responseTime":0.415,"status":404,"timestamp":"12/25/2021, 11:40:12 PM","url":"/images/decorative-yellow-circle.svg"}
{"level":"info","message":"HTTP Access Log","method":"GET","responseTime":0.357,"status":404,"timestamp":"12/25/2021, 11:40:12 PM","url":"/images/decorative-green-diamond.svg"}
{"level":"info","message":"HTTP Access Log","method":"GET","responseTime":0.474,"status":404,"timestamp":"12/25/2021, 11:40:12 PM","url":"/images/description-1-app.png"}
{"level":"info","message":"HTTP Access Log","method":"GET","responseTime":1.124,"status":404,"timestamp":"12/25/2021, 11:40:12 PM","url":"/images/description-1-details-lightbox.jpg"}
{"level":"info","message":"HTTP Access Log","method":"GET","responseTime":1.665,"status":404,"timestamp":"12/25/2021, 11:40:12 PM","url":"/images/description-2-app.png"}
{"level":"info","message":"HTTP Access Log","method":"GET","responseTime":2.241,"status":404,"timestamp":"12/25/2021, 11:40:12 PM","url":"/images/features-app.jpg"}
{"level":"info","message":"HTTP Access Log","method":"GET","responseTime":0.412,"status":404,"timestamp":"12/25/2021, 11:40:12 PM","url":"/images/screenshot-1.jpg"}
{"level":"info","message":"HTTP Access Log","method":"GET","responseTime":0.526,"status":404,"timestamp":"12/25/2021, 11:40:12 PM","url":"/images/screenshot-2.jpg"}
{"level":"info","message":"HTTP Access Log","method":"GET","responseTime":1.379,"status":404,"timestamp":"12/25/2021, 11:40:12 PM","url":"/images/screenshot-3.jpg"}
{"level":"info","message":"HTTP Access Log","method":"GET","responseTime":2.019,"status":404,"timestamp":"12/25/2021, 11:40:12 PM","url":"/images/screenshot-4.jpg"}
{"level":"info","message":"HTTP Access Log","method":"GET","responseTime":2.571,"status":404,"timestamp":"12/25/2021, 11:40:12 PM","url":"/images/screenshot-5.jpg"}
{"level":"info","message":"HTTP Access Log","method":"GET","responseTime":3.162,"status":404,"timestamp":"12/25/2021, 11:40:12 PM","url":"/images/screenshot-6.jpg"}
{"level":"info","message":"HTTP Access Log","method":"GET","responseTime":0.338,"status":404,"timestamp":"12/25/2021, 11:40:12 PM","url":"/images/screenshot-7.jpg"}
{"level":"info","message":"HTTP Access Log","method":"GET","responseTime":0.45,"status":404,"timestamp":"12/25/2021, 11:40:12 PM","url":"/images/screenshot-8.jpg"}
{"level":"info","message":"HTTP Access Log","method":"GET","responseTime":0.429,"status":404,"timestamp":"12/25/2021, 11:40:12 PM","url":"/images/screenshot-9.jpg"}
{"level":"info","message":"HTTP Access Log","method":"GET","responseTime":0.588,"status":404,"timestamp":"12/25/2021, 11:40:12 PM","url":"/images/screenshot-10.jpg"}
{"level":"info","message":"HTTP Access Log","method":"GET","responseTime":0.848,"status":404,"timestamp":"12/25/2021, 11:40:12 PM","url":"/images/customer-logo-1.png"}
{"level":"info","message":"HTTP Access Log","method":"GET","responseTime":1.818,"status":404,"timestamp":"12/25/2021, 11:40:12 PM","url":"/images/customer-logo-2.png"}
{"level":"info","message":"HTTP Access Log","method":"GET","responseTime":0.49,"status":404,"timestamp":"12/25/2021, 11:40:12 PM","url":"/images/customer-logo-3.png"}
{"level":"info","message":"HTTP Access Log","method":"GET","responseTime":0.405,"status":404,"timestamp":"12/25/2021, 11:40:12 PM","url":"/images/download-iphone.png"}
{"level":"info","message":"HTTP Access Log","method":"GET","responseTime":0.434,"status":404,"timestamp":"12/25/2021, 11:40:12 PM","url":"/images/customer-logo-4.png"}
{"level":"info","message":"HTTP Access Log","method":"GET","responseTime":0.423,"status":404,"timestamp":"12/25/2021, 11:40:12 PM","url":"/images/customer-logo-5.png"}
{"level":"info","message":"HTTP Access Log","method":"GET","responseTime":13.464,"status":304,"timestamp":"12/25/2021, 11:40:58 PM","url":"/"}
{"level":"info","message":"HTTP Access Log","method":"GET","responseTime":2.451,"status":404,"timestamp":"12/25/2021, 11:40:58 PM","url":"/css/bootstrap.css"}
{"level":"info","message":"HTTP Access Log","method":"GET","responseTime":3.893,"status":404,"timestamp":"12/25/2021, 11:40:58 PM","url":"/css/fontawesome-all.css"}
{"level":"info","message":"HTTP Access Log","method":"GET","responseTime":3.911,"status":404,"timestamp":"12/25/2021, 11:40:58 PM","url":"/css/swiper.css"}
{"level":"info","message":"HTTP Access Log","method":"GET","responseTime":4.528,"status":404,"timestamp":"12/25/2021, 11:40:58 PM","url":"/css/magnific-popup.css"}
{"level":"info","message":"HTTP Access Log","method":"GET","responseTime":5.322,"status":404,"timestamp":"12/25/2021, 11:40:58 PM","url":"/css/styles.css"}
{"level":"info","message":"HTTP Access Log","method":"GET","responseTime":3.281,"status":404,"timestamp":"12/25/2021, 11:40:58 PM","url":"/js/jquery.min.js"}
{"level":"info","message":"HTTP Access Log","method":"GET","responseTime":3.821,"status":404,"timestamp":"12/25/2021, 11:40:58 PM","url":"/js/popper.min.js"}
{"level":"info","message":"HTTP Access Log","method":"GET","responseTime":4.593,"status":404,"timestamp":"12/25/2021, 11:40:58 PM","url":"/js/bootstrap.min.js"}
{"level":"info","message":"HTTP Access Log","method":"GET","responseTime":5.301,"status":404,"timestamp":"12/25/2021, 11:40:58 PM","url":"/js/jquery.easing.min.js"}
{"level":"info","message":"HTTP Access Log","method":"GET","responseTime":5.574,"status":404,"timestamp":"12/25/2021, 11:40:58 PM","url":"/js/swiper.min.js"}
{"level":"info","message":"HTTP Access Log","method":"GET","responseTime":1.638,"status":404,"timestamp":"12/25/2021, 11:40:58 PM","url":"/js/jquery.magnific-popup.js"}
{"level":"info","message":"HTTP Access Log","method":"GET","responseTime":0.591,"status":404,"timestamp":"12/25/2021, 11:40:58 PM","url":"/js/validator.min.js"}
{"level":"info","message":"HTTP Access Log","method":"GET","responseTime":0.718,"status":404,"timestamp":"12/25/2021, 11:40:58 PM","url":"/js/scripts.js"}
{"level":"info","message":"HTTP Access Log","method":"GET","responseTime":1.506,"status":404,"timestamp":"12/25/2021, 11:40:58 PM","url":"/images/logo.svg"}
{"level":"info","message":"HTTP Access Log","method":"GET","responseTime":1.983,"status":404,"timestamp":"12/25/2021, 11:40:58 PM","url":"/images/header-iphone.png"}
{"level":"info","message":"HTTP Access Log","method":"GET","responseTime":0.676,"status":404,"timestamp":"12/25/2021, 11:40:58 PM","url":"/images/decorative-white-circle.svg"}
{"level":"info","message":"HTTP Access Log","method":"GET","responseTime":0.808,"status":404,"timestamp":"12/25/2021, 11:40:58 PM","url":"/images/decorative-blue-circle.svg"}
{"level":"info","message":"HTTP Access Log","method":"GET","responseTime":1.196,"status":404,"timestamp":"12/25/2021, 11:40:58 PM","url":"/images/decorative-yellow-circle.svg"}
{"level":"info","message":"HTTP Access Log","method":"GET","responseTime":0.71,"status":404,"timestamp":"12/25/2021, 11:40:58 PM","url":"/images/decorative-green-diamond.svg"}
{"level":"info","message":"HTTP Access Log","method":"GET","responseTime":0.834,"status":404,"timestamp":"12/25/2021, 11:40:58 PM","url":"/images/description-1-app.png"}
{"level":"info","message":"HTTP Access Log","method":"GET","responseTime":0.826,"status":404,"timestamp":"12/25/2021, 11:40:58 PM","url":"/images/description-1-details-lightbox.jpg"}
{"level":"info","message":"HTTP Access Log","method":"GET","responseTime":1.876,"status":404,"timestamp":"12/25/2021, 11:40:58 PM","url":"/images/description-2-app.png"}
{"level":"info","message":"HTTP Access Log","method":"GET","responseTime":2.085,"status":404,"timestamp":"12/25/2021, 11:40:58 PM","url":"/images/features-app.jpg"}
{"level":"info","message":"HTTP Access Log","method":"GET","responseTime":2.13,"status":404,"timestamp":"12/25/2021, 11:40:58 PM","url":"/images/screenshot-1.jpg"}
{"level":"info","message":"HTTP Access Log","method":"GET","responseTime":2.756,"status":404,"timestamp":"12/25/2021, 11:40:58 PM","url":"/images/screenshot-2.jpg"}
{"level":"info","message":"HTTP Access Log","method":"GET","responseTime":3.553,"status":404,"timestamp":"12/25/2021, 11:40:58 PM","url":"/images/screenshot-3.jpg"}
{"level":"info","message":"HTTP Access Log","method":"GET","responseTime":1.633,"status":404,"timestamp":"12/25/2021, 11:40:58 PM","url":"/images/screenshot-4.jpg"}
{"level":"info","message":"HTTP Access Log","method":"GET","responseTime":3.048,"status":404,"timestamp":"12/25/2021, 11:40:58 PM","url":"/images/screenshot-5.jpg"}
{"level":"info","message":"HTTP Access Log","method":"GET","responseTime":4.111,"status":404,"timestamp":"12/25/2021, 11:40:58 PM","url":"/images/screenshot-6.jpg"}
{"level":"info","message":"HTTP Access Log","method":"GET","responseTime":0.519,"status":404,"timestamp":"12/25/2021, 11:40:58 PM","url":"/images/screenshot-7.jpg"}
{"level":"info","message":"HTTP Access Log","method":"GET","responseTime":1.707,"status":404,"timestamp":"12/25/2021, 11:40:58 PM","url":"/images/screenshot-8.jpg"}
{"level":"info","message":"HTTP Access Log","method":"GET","responseTime":1.888,"status":404,"timestamp":"12/25/2021, 11:40:58 PM","url":"/images/screenshot-9.jpg"}
{"level":"info","message":"HTTP Access Log","method":"GET","responseTime":2.446,"status":404,"timestamp":"12/25/2021, 11:40:58 PM","url":"/images/screenshot-10.jpg"}
{"level":"info","message":"HTTP Access Log","method":"GET","responseTime":0.546,"status":404,"timestamp":"12/25/2021, 11:40:58 PM","url":"/images/customer-logo-1.png"}
{"level":"info","message":"HTTP Access Log","method":"GET","responseTime":0.741,"status":404,"timestamp":"12/25/2021, 11:40:58 PM","url":"/images/customer-logo-2.png"}
{"level":"info","message":"HTTP Access Log","method":"GET","responseTime":0.76,"status":404,"timestamp":"12/25/2021, 11:40:58 PM","url":"/js/jquery.magnific-popup.js"}
{"level":"info","message":"HTTP Access Log","method":"GET","responseTime":4.431,"status":404,"timestamp":"12/25/2021, 11:40:58 PM","url":"/images/customer-logo-3.png"}
{"level":"info","message":"HTTP Access Log","method":"GET","responseTime":1.298,"status":404,"timestamp":"12/25/2021, 11:40:58 PM","url":"/images/customer-logo-4.png"}
{"level":"info","message":"HTTP Access Log","method":"GET","responseTime":1.821,"status":404,"timestamp":"12/25/2021, 11:40:58 PM","url":"/images/customer-logo-5.png"}
{"level":"info","message":"HTTP Access Log","method":"GET","responseTime":2.402,"status":404,"timestamp":"12/25/2021, 11:40:58 PM","url":"/images/download-iphone.png"}
{"level":"info","message":"HTTP Access Log","method":"GET","responseTime":0.759,"status":404,"timestamp":"12/25/2021, 11:40:58 PM","url":"/js/validator.min.js"}
{"level":"info","message":"HTTP Access Log","method":"GET","responseTime":0.421,"status":404,"timestamp":"12/25/2021, 11:40:58 PM","url":"/js/scripts.js"}
{"level":"info","message":"HTTP Access Log","method":"GET","responseTime":1.09,"status":304,"timestamp":"12/25/2021, 11:40:59 PM","url":"/"}
{"level":"info","message":"HTTP Access Log","method":"GET","responseTime":0.768,"status":404,"timestamp":"12/25/2021, 11:41:00 PM","url":"/css/bootstrap.css"}
{"level":"info","message":"HTTP Access Log","method":"GET","responseTime":1.157,"status":404,"timestamp":"12/25/2021, 11:41:00 PM","url":"/css/fontawesome-all.css"}
{"level":"info","message":"HTTP Access Log","method":"GET","responseTime":1.641,"status":404,"timestamp":"12/25/2021, 11:41:00 PM","url":"/css/swiper.css"}
{"level":"info","message":"HTTP Access Log","method":"GET","responseTime":2.13,"status":404,"timestamp":"12/25/2021, 11:41:00 PM","url":"/css/magnific-popup.css"}
{"level":"info","message":"HTTP Access Log","method":"GET","responseTime":2.489,"status":404,"timestamp":"12/25/2021, 11:41:00 PM","url":"/css/styles.css"}
{"level":"info","message":"HTTP Access Log","method":"GET","responseTime":1.04,"status":404,"timestamp":"12/25/2021, 11:41:00 PM","url":"/js/jquery.min.js"}
{"level":"info","message":"HTTP Access Log","method":"GET","responseTime":3.388,"status":404,"timestamp":"12/25/2021, 11:41:00 PM","url":"/js/popper.min.js"}
{"level":"info","message":"HTTP Access Log","method":"GET","responseTime":1.985,"status":404,"timestamp":"12/25/2021, 11:41:00 PM","url":"/js/bootstrap.min.js"}
{"level":"info","message":"HTTP Access Log","method":"GET","responseTime":0.494,"status":404,"timestamp":"12/25/2021, 11:41:00 PM","url":"/js/jquery.easing.min.js"}
{"level":"info","message":"HTTP Access Log","method":"GET","responseTime":0.931,"status":404,"timestamp":"12/25/2021, 11:41:00 PM","url":"/js/swiper.min.js"}
{"level":"info","message":"HTTP Access Log","method":"GET","responseTime":3.866,"status":404,"timestamp":"12/25/2021, 11:41:00 PM","url":"/js/jquery.magnific-popup.js"}
{"level":"info","message":"HTTP Access Log","method":"GET","responseTime":0.874,"status":404,"timestamp":"12/25/2021, 11:41:00 PM","url":"/js/validator.min.js"}
{"level":"info","message":"HTTP Access Log","method":"GET","responseTime":3.48,"status":404,"timestamp":"12/25/2021, 11:41:00 PM","url":"/js/scripts.js"}
{"level":"info","message":"HTTP Access Log","method":"GET","responseTime":5.805,"status":404,"timestamp":"12/25/2021, 11:41:00 PM","url":"/images/logo.svg"}
{"level":"info","message":"HTTP Access Log","method":"GET","responseTime":8.492,"status":404,"timestamp":"12/25/2021, 11:41:00 PM","url":"/images/header-iphone.png"}
{"level":"info","message":"HTTP Access Log","method":"GET","responseTime":10.994,"status":404,"timestamp":"12/25/2021, 11:41:00 PM","url":"/images/decorative-white-circle.svg"}
{"level":"info","message":"HTTP Access Log","method":"GET","responseTime":13.418,"status":404,"timestamp":"12/25/2021, 11:41:00 PM","url":"/images/decorative-blue-circle.svg"}
{"level":"info","message":"HTTP Access Log","method":"GET","responseTime":0.614,"status":404,"timestamp":"12/25/2021, 11:41:00 PM","url":"/images/decorative-yellow-circle.svg"}
{"level":"info","message":"HTTP Access Log","method":"GET","responseTime":1.464,"status":404,"timestamp":"12/25/2021, 11:41:00 PM","url":"/images/decorative-green-diamond.svg"}
{"level":"info","message":"HTTP Access Log","method":"GET","responseTime":1.94,"status":404,"timestamp":"12/25/2021, 11:41:00 PM","url":"/images/description-1-app.png"}
{"level":"info","message":"HTTP Access Log","method":"GET","responseTime":2.442,"status":404,"timestamp":"12/25/2021, 11:41:00 PM","url":"/images/description-1-details-lightbox.jpg"}
{"level":"info","message":"HTTP Access Log","method":"GET","responseTime":0.572,"status":404,"timestamp":"12/25/2021, 11:41:00 PM","url":"/images/description-2-app.png"}
{"level":"info","message":"HTTP Access Log","method":"GET","responseTime":1.059,"status":404,"timestamp":"12/25/2021, 11:41:00 PM","url":"/images/features-app.jpg"}
{"level":"info","message":"HTTP Access Log","method":"GET","responseTime":1.536,"status":404,"timestamp":"12/25/2021, 11:41:00 PM","url":"/images/screenshot-1.jpg"}
{"level":"info","message":"HTTP Access Log","method":"GET","responseTime":0.667,"status":404,"timestamp":"12/25/2021, 11:41:00 PM","url":"/images/screenshot-2.jpg"}
{"level":"info","message":"HTTP Access Log","method":"GET","responseTime":0.518,"status":404,"timestamp":"12/25/2021, 11:41:00 PM","url":"/images/screenshot-3.jpg"}
{"level":"info","message":"HTTP Access Log","method":"GET","responseTime":1.08,"status":404,"timestamp":"12/25/2021, 11:41:00 PM","url":"/images/screenshot-4.jpg"}
{"level":"info","message":"HTTP Access Log","method":"GET","responseTime":1.392,"status":404,"timestamp":"12/25/2021, 11:41:00 PM","url":"/images/screenshot-5.jpg"}
{"level":"info","message":"HTTP Access Log","method":"GET","responseTime":1.924,"status":404,"timestamp":"12/25/2021, 11:41:00 PM","url":"/images/screenshot-6.jpg"}
{"level":"info","message":"HTTP Access Log","method":"GET","responseTime":2.172,"status":404,"timestamp":"12/25/2021, 11:41:00 PM","url":"/images/screenshot-7.jpg"}
{"level":"info","message":"HTTP Access Log","method":"GET","responseTime":2.942,"status":404,"timestamp":"12/25/2021, 11:41:00 PM","url":"/images/screenshot-8.jpg"}
{"level":"info","message":"HTTP Access Log","method":"GET","responseTime":3.533,"status":404,"timestamp":"12/25/2021, 11:41:00 PM","url":"/images/screenshot-9.jpg"}
{"level":"info","message":"HTTP Access Log","method":"GET","responseTime":1.417,"status":404,"timestamp":"12/25/2021, 11:41:00 PM","url":"/images/screenshot-10.jpg"}
{"level":"info","message":"HTTP Access Log","method":"GET","responseTime":1.935,"status":404,"timestamp":"12/25/2021, 11:41:00 PM","url":"/images/customer-logo-1.png"}
{"level":"info","message":"HTTP Access Log","method":"GET","responseTime":0.708,"status":404,"timestamp":"12/25/2021, 11:41:00 PM","url":"/images/customer-logo-2.png"}
{"level":"info","message":"HTTP Access Log","method":"GET","responseTime":0.633,"status":404,"timestamp":"12/25/2021, 11:41:00 PM","url":"/images/customer-logo-3.png"}
{"level":"info","message":"HTTP Access Log","method":"GET","responseTime":1.395,"status":404,"timestamp":"12/25/2021, 11:41:00 PM","url":"/images/customer-logo-4.png"}
{"level":"info","message":"HTTP Access Log","method":"GET","responseTime":2.334,"status":404,"timestamp":"12/25/2021, 11:41:00 PM","url":"/images/customer-logo-5.png"}
{"level":"info","message":"HTTP Access Log","method":"GET","responseTime":0.638,"status":404,"timestamp":"12/25/2021, 11:41:00 PM","url":"/images/download-iphone.png"}
{"level":"info","message":"HTTP Access Log","method":"GET","responseTime":1.056,"status":304,"timestamp":"12/25/2021, 11:41:00 PM","url":"/"}
{"level":"info","message":"HTTP Access Log","method":"GET","responseTime":0.514,"status":404,"timestamp":"12/25/2021, 11:41:00 PM","url":"/css/bootstrap.css"}
{"level":"info","message":"HTTP Access Log","method":"GET","responseTime":1.818,"status":404,"timestamp":"12/25/2021, 11:41:00 PM","url":"/css/fontawesome-all.css"}
{"level":"info","message":"HTTP Access Log","method":"GET","responseTime":2.396,"status":404,"timestamp":"12/25/2021, 11:41:00 PM","url":"/css/swiper.css"}
{"level":"info","message":"HTTP Access Log","method":"GET","responseTime":3.215,"status":404,"timestamp":"12/25/2021, 11:41:00 PM","url":"/css/magnific-popup.css"}
{"level":"info","message":"HTTP Access Log","method":"GET","responseTime":4.459,"status":404,"timestamp":"12/25/2021, 11:41:00 PM","url":"/css/styles.css"}
{"level":"info","message":"HTTP Access Log","method":"GET","responseTime":2.557,"status":404,"timestamp":"12/25/2021, 11:41:00 PM","url":"/js/jquery.min.js"}
{"level":"info","message":"HTTP Access Log","method":"GET","responseTime":3.37,"status":404,"timestamp":"12/25/2021, 11:41:00 PM","url":"/js/popper.min.js"}
{"level":"info","message":"HTTP Access Log","method":"GET","responseTime":3.808,"status":404,"timestamp":"12/25/2021, 11:41:00 PM","url":"/js/bootstrap.min.js"}
{"level":"info","message":"HTTP Access Log","method":"GET","responseTime":4.22,"status":404,"timestamp":"12/25/2021, 11:41:00 PM","url":"/js/jquery.easing.min.js"}
{"level":"info","message":"HTTP Access Log","method":"GET","responseTime":5.153,"status":404,"timestamp":"12/25/2021, 11:41:00 PM","url":"/js/swiper.min.js"}
{"level":"info","message":"HTTP Access Log","method":"GET","responseTime":1.348,"status":404,"timestamp":"12/25/2021, 11:41:00 PM","url":"/js/jquery.magnific-popup.js"}
{"level":"info","message":"HTTP Access Log","method":"GET","responseTime":1.078,"status":404,"timestamp":"12/25/2021, 11:41:00 PM","url":"/js/validator.min.js"}
{"level":"info","message":"HTTP Access Log","method":"GET","responseTime":1.393,"status":404,"timestamp":"12/25/2021, 11:41:00 PM","url":"/js/scripts.js"}
{"level":"info","message":"HTTP Access Log","method":"GET","responseTime":1.094,"status":404,"timestamp":"12/25/2021, 11:41:00 PM","url":"/images/logo.svg"}
{"level":"info","message":"HTTP Access Log","method":"GET","responseTime":1.796,"status":404,"timestamp":"12/25/2021, 11:41:00 PM","url":"/images/header-iphone.png"}
{"level":"info","message":"HTTP Access Log","method":"GET","responseTime":1.014,"status":404,"timestamp":"12/25/2021, 11:41:00 PM","url":"/images/decorative-white-circle.svg"}
{"level":"info","message":"HTTP Access Log","method":"GET","responseTime":1.558,"status":404,"timestamp":"12/25/2021, 11:41:00 PM","url":"/images/decorative-blue-circle.svg"}
{"level":"info","message":"HTTP Access Log","method":"GET","responseTime":0.627,"status":404,"timestamp":"12/25/2021, 11:41:00 PM","url":"/images/decorative-yellow-circle.svg"}
{"level":"info","message":"HTTP Access Log","method":"GET","responseTime":3.587,"status":404,"timestamp":"12/25/2021, 11:41:00 PM","url":"/images/decorative-green-diamond.svg"}
{"level":"info","message":"HTTP Access Log","method":"GET","responseTime":2.027,"status":404,"timestamp":"12/25/2021, 11:41:00 PM","url":"/images/description-1-app.png"}
{"level":"info","message":"HTTP Access Log","method":"GET","responseTime":3.453,"status":404,"timestamp":"12/25/2021, 11:41:00 PM","url":"/images/description-1-details-lightbox.jpg"}
{"level":"info","message":"HTTP Access Log","method":"GET","responseTime":0.719,"status":404,"timestamp":"12/25/2021, 11:41:00 PM","url":"/images/description-2-app.png"}
{"level":"info","message":"HTTP Access Log","method":"GET","responseTime":0.788,"status":404,"timestamp":"12/25/2021, 11:41:00 PM","url":"/images/features-app.jpg"}
{"level":"info","message":"HTTP Access Log","method":"GET","responseTime":0.734,"status":404,"timestamp":"12/25/2021, 11:41:00 PM","url":"/images/screenshot-1.jpg"}
{"level":"info","message":"HTTP Access Log","method":"GET","responseTime":2.125,"status":404,"timestamp":"12/25/2021, 11:41:00 PM","url":"/images/screenshot-2.jpg"}
{"level":"info","message":"HTTP Access Log","method":"GET","responseTime":7.79,"status":404,"timestamp":"12/25/2021, 11:41:00 PM","url":"/images/screenshot-3.jpg"}
{"level":"info","message":"HTTP Access Log","method":"GET","responseTime":8.965,"status":404,"timestamp":"12/25/2021, 11:41:00 PM","url":"/images/screenshot-4.jpg"}
{"level":"info","message":"HTTP Access Log","method":"GET","responseTime":10.133,"status":404,"timestamp":"12/25/2021, 11:41:00 PM","url":"/images/screenshot-5.jpg"}
{"level":"info","message":"HTTP Access Log","method":"GET","responseTime":2.777,"status":404,"timestamp":"12/25/2021, 11:41:00 PM","url":"/images/screenshot-6.jpg"}
{"level":"info","message":"HTTP Access Log","method":"GET","responseTime":2.09,"status":404,"timestamp":"12/25/2021, 11:41:00 PM","url":"/images/screenshot-7.jpg"}
{"level":"info","message":"HTTP Access Log","method":"GET","responseTime":0.6,"status":404,"timestamp":"12/25/2021, 11:41:00 PM","url":"/images/screenshot-8.jpg"}
{"level":"info","message":"HTTP Access Log","method":"GET","responseTime":1.946,"status":404,"timestamp":"12/25/2021, 11:41:01 PM","url":"/images/screenshot-9.jpg"}
{"level":"info","message":"HTTP Access Log","method":"GET","responseTime":1.581,"status":404,"timestamp":"12/25/2021, 11:41:01 PM","url":"/images/screenshot-10.jpg"}
{"level":"info","message":"HTTP Access Log","method":"GET","responseTime":2.636,"status":404,"timestamp":"12/25/2021, 11:41:01 PM","url":"/images/customer-logo-1.png"}
{"level":"info","message":"HTTP Access Log","method":"GET","responseTime":3.066,"status":404,"timestamp":"12/25/2021, 11:41:01 PM","url":"/js/validator.min.js"}
{"level":"info","message":"HTTP Access Log","method":"GET","responseTime":3.859,"status":404,"timestamp":"12/25/2021, 11:41:01 PM","url":"/images/customer-logo-2.png"}
{"level":"info","message":"HTTP Access Log","method":"GET","responseTime":5.643,"status":404,"timestamp":"12/25/2021, 11:41:01 PM","url":"/images/customer-logo-3.png"}
{"level":"info","message":"HTTP Access Log","method":"GET","responseTime":0.634,"status":404,"timestamp":"12/25/2021, 11:41:01 PM","url":"/images/customer-logo-4.png"}
{"level":"info","message":"HTTP Access Log","method":"GET","responseTime":0.656,"status":404,"timestamp":"12/25/2021, 11:41:01 PM","url":"/images/customer-logo-5.png"}
{"level":"info","message":"HTTP Access Log","method":"GET","responseTime":0.557,"status":404,"timestamp":"12/25/2021, 11:41:01 PM","url":"/images/download-iphone.png"}
{"level":"info","message":"HTTP Access Log","method":"GET","responseTime":0.447,"status":404,"timestamp":"12/25/2021, 11:41:01 PM","url":"/js/scripts.js"}
{"level":"info","message":"HTTP Access Log","method":"GET","responseTime":5.188,"status":304,"timestamp":"12/25/2021, 11:42:13 PM","url":"/"}
{"level":"info","message":"HTTP Access Log","method":"GET","responseTime":4.174,"status":200,"timestamp":"12/25/2021, 11:42:13 PM","url":"/css/fontawesome-all.css"}
{"level":"info","message":"HTTP Access Log","method":"GET","responseTime":5.281,"status":200,"timestamp":"12/25/2021, 11:42:13 PM","url":"/css/bootstrap.css"}
{"level":"info","message":"HTTP Access Log","method":"GET","responseTime":8.487,"status":200,"timestamp":"12/25/2021, 11:42:13 PM","url":"/css/swiper.css"}
{"level":"info","message":"HTTP Access Log","method":"GET","responseTime":9.056,"status":200,"timestamp":"12/25/2021, 11:42:13 PM","url":"/css/magnific-popup.css"}
{"level":"info","message":"HTTP Access Log","method":"GET","responseTime":10.692,"status":200,"timestamp":"12/25/2021, 11:42:13 PM","url":"/css/styles.css"}
{"level":"info","message":"HTTP Access Log","method":"GET","responseTime":3.576,"status":200,"timestamp":"12/25/2021, 11:42:13 PM","url":"/js/bootstrap.min.js"}
{"level":"info","message":"HTTP Access Log","method":"GET","responseTime":3.744,"status":200,"timestamp":"12/25/2021, 11:42:13 PM","url":"/js/jquery.easing.min.js"}
{"level":"info","message":"HTTP Access Log","method":"GET","responseTime":6.201,"status":200,"timestamp":"12/25/2021, 11:42:13 PM","url":"/js/popper.min.js"}
{"level":"info","message":"HTTP Access Log","method":"GET","responseTime":4.904,"status":200,"timestamp":"12/25/2021, 11:42:13 PM","url":"/js/jquery.min.js"}
{"level":"info","message":"HTTP Access Log","method":"GET","responseTime":6.198,"status":200,"timestamp":"12/25/2021, 11:42:13 PM","url":"/js/swiper.min.js"}
{"level":"info","message":"HTTP Access Log","method":"GET","responseTime":7.44,"status":200,"timestamp":"12/25/2021, 11:42:13 PM","url":"/js/jquery.magnific-popup.js"}
{"level":"info","message":"HTTP Access Log","method":"GET","responseTime":1.856,"status":200,"timestamp":"12/25/2021, 11:42:13 PM","url":"/js/validator.min.js"}
{"level":"info","message":"HTTP Access Log","method":"GET","responseTime":2.924,"status":200,"timestamp":"12/25/2021, 11:42:13 PM","url":"/js/scripts.js"}
{"level":"info","message":"HTTP Access Log","method":"GET","responseTime":1.675,"status":200,"timestamp":"12/25/2021, 11:42:13 PM","url":"/images/logo.svg"}
{"level":"info","message":"HTTP Access Log","method":"GET","responseTime":1.988,"status":200,"timestamp":"12/25/2021, 11:42:13 PM","url":"/images/header-iphone.png"}
{"level":"info","message":"HTTP Access Log","method":"GET","responseTime":0.728,"status":200,"timestamp":"12/25/2021, 11:42:13 PM","url":"/js/jquery.easing.min.js"}
{"level":"info","message":"HTTP Access Log","method":"GET","responseTime":1.484,"status":200,"timestamp":"12/25/2021, 11:42:13 PM","url":"/images/decorative-white-circle.svg"}
{"level":"info","message":"HTTP Access Log","method":"GET","responseTime":2.62,"status":200,"timestamp":"12/25/2021, 11:42:13 PM","url":"/images/decorative-blue-circle.svg"}
{"level":"info","message":"HTTP Access Log","method":"GET","responseTime":2.415,"status":200,"timestamp":"12/25/2021, 11:42:13 PM","url":"/js/bootstrap.min.js"}
{"level":"info","message":"HTTP Access Log","method":"GET","responseTime":2.278,"status":200,"timestamp":"12/25/2021, 11:42:13 PM","url":"/js/popper.min.js"}
{"level":"info","message":"HTTP Access Log","method":"GET","responseTime":2.633,"status":200,"timestamp":"12/25/2021, 11:42:13 PM","url":"/js/jquery.min.js"}
{"level":"info","message":"HTTP Access Log","method":"GET","responseTime":0.589,"status":200,"timestamp":"12/25/2021, 11:42:13 PM","url":"/images/decorative-yellow-circle.svg"}
{"level":"info","message":"HTTP Access Log","method":"GET","responseTime":6.995,"status":200,"timestamp":"12/25/2021, 11:42:13 PM","url":"/images/decorative-green-diamond.svg"}
{"level":"info","message":"HTTP Access Log","method":"GET","responseTime":4.16,"status":200,"timestamp":"12/25/2021, 11:42:13 PM","url":"/js/jquery.magnific-popup.js"}
{"level":"info","message":"HTTP Access Log","method":"GET","responseTime":5.057,"status":200,"timestamp":"12/25/2021, 11:42:13 PM","url":"/js/swiper.min.js"}
{"level":"info","message":"HTTP Access Log","method":"GET","responseTime":3.965,"status":200,"timestamp":"12/25/2021, 11:42:13 PM","url":"/images/description-1-details-lightbox.jpg"}
{"level":"info","message":"HTTP Access Log","method":"GET","responseTime":5.432,"status":200,"timestamp":"12/25/2021, 11:42:13 PM","url":"/images/description-1-app.png"}
{"level":"info","message":"HTTP Access Log","method":"GET","responseTime":4.611,"status":200,"timestamp":"12/25/2021, 11:42:13 PM","url":"/images/description-2-app.png"}
{"level":"info","message":"HTTP Access Log","method":"GET","responseTime":1.107,"status":200,"timestamp":"12/25/2021, 11:42:13 PM","url":"/images/features-app.jpg"}
{"level":"info","message":"HTTP Access Log","method":"GET","responseTime":7.294,"status":200,"timestamp":"12/25/2021, 11:42:13 PM","url":"/js/validator.min.js"}
{"level":"info","message":"HTTP Access Log","method":"GET","responseTime":3.708,"status":200,"timestamp":"12/25/2021, 11:42:13 PM","url":"/images/screenshot-1.jpg"}
{"level":"info","message":"HTTP Access Log","method":"GET","responseTime":2.531,"status":200,"timestamp":"12/25/2021, 11:42:13 PM","url":"/js/scripts.js"}
{"level":"info","message":"HTTP Access Log","method":"GET","responseTime":12.862,"status":200,"timestamp":"12/25/2021, 11:42:13 PM","url":"/images/screenshot-2.jpg"}
{"level":"info","message":"HTTP Access Log","method":"GET","responseTime":15.492,"status":200,"timestamp":"12/25/2021, 11:42:13 PM","url":"/images/screenshot-3.jpg"}
{"level":"info","message":"HTTP Access Log","method":"GET","responseTime":3.492,"status":200,"timestamp":"12/25/2021, 11:42:13 PM","url":"/images/screenshot-4.jpg"}
{"level":"info","message":"HTTP Access Log","method":"GET","responseTime":5.063,"status":200,"timestamp":"12/25/2021, 11:42:13 PM","url":"/images/screenshot-5.jpg"}
{"level":"info","message":"HTTP Access Log","method":"GET","responseTime":5.461,"status":200,"timestamp":"12/25/2021, 11:42:13 PM","url":"/images/screenshot-6.jpg"}
{"level":"info","message":"HTTP Access Log","method":"GET","responseTime":0.886,"status":200,"timestamp":"12/25/2021, 11:42:13 PM","url":"/images/screenshot-7.jpg"}
{"level":"info","message":"HTTP Access Log","method":"GET","responseTime":1.425,"status":200,"timestamp":"12/25/2021, 11:42:13 PM","url":"/images/screenshot-9.jpg"}
{"level":"info","message":"HTTP Access Log","method":"GET","responseTime":2.669,"status":200,"timestamp":"12/25/2021, 11:42:13 PM","url":"/images/screenshot-8.jpg"}
{"level":"info","message":"HTTP Access Log","method":"GET","responseTime":3.797,"status":200,"timestamp":"12/25/2021, 11:42:13 PM","url":"/images/screenshot-10.jpg"}
{"level":"info","message":"HTTP Access Log","method":"GET","responseTime":2.113,"status":200,"timestamp":"12/25/2021, 11:42:13 PM","url":"/images/customer-logo-1.png"}
{"level":"info","message":"HTTP Access Log","method":"GET","responseTime":2.475,"status":200,"timestamp":"12/25/2021, 11:42:13 PM","url":"/images/customer-logo-2.png"}
{"level":"info","message":"HTTP Access Log","method":"GET","responseTime":2.574,"status":200,"timestamp":"12/25/2021, 11:42:13 PM","url":"/images/customer-logo-3.png"}
{"level":"info","message":"HTTP Access Log","method":"GET","responseTime":1.589,"status":200,"timestamp":"12/25/2021, 11:42:13 PM","url":"/images/customer-logo-4.png"}
{"level":"info","message":"HTTP Access Log","method":"GET","responseTime":3.061,"status":200,"timestamp":"12/25/2021, 11:42:13 PM","url":"/images/customer-logo-5.png"}
{"level":"info","message":"HTTP Access Log","method":"GET","responseTime":5.885,"status":200,"timestamp":"12/25/2021, 11:42:13 PM","url":"/images/download-iphone.png"}
{"level":"info","message":"HTTP Access Log","method":"GET","responseTime":1.61,"status":200,"timestamp":"12/25/2021, 11:42:13 PM","url":"/webfonts/fa-regular-400.woff2"}
{"level":"info","message":"HTTP Access Log","method":"GET","responseTime":1.872,"status":200,"timestamp":"12/25/2021, 11:42:13 PM","url":"/webfonts/fa-brands-400.woff2"}
{"level":"info","message":"HTTP Access Log","method":"GET","responseTime":1.749,"status":200,"timestamp":"12/25/2021, 11:42:13 PM","url":"/webfonts/fa-solid-900.woff2"}
{"level":"info","message":"HTTP Access Log","method":"GET","responseTime":3.99,"status":200,"timestamp":"12/25/2021, 11:42:20 PM","url":"/images/up-arrow.png"}
